{"level":"error","message":"df"}
{"message":"Server listening on port 3000...","level":"info"}
{"message":"Server listening on port 3000...","level":"info"}
{"message":"Connected to DB...","level":"info"}
{"message":"Server listening on port 3000...","level":"info"}
{"message":"Connected to DB...","level":"info"}
{"message":"Server listening on port 3000...","level":"info"}
{"message":"Connected to DB...","level":"info"}
{"message":"Server listening on port 3000...","level":"info"}
{"message":"Connected to DB...","level":"info"}
{"message":"sdf","level":"error"}
{"message":"Server listening on port 3000...","level":"info"}
{"message":"Connected to DB...","level":"info"}
{"message":"sdf","level":"info"}
{"message":"Server listening on port 3000...","level":"info"}
{"message":"Connected to DB...","level":"info"}
{"message":"sdf","level":"info"}
{"message":"Server listening on port 3000...","level":"info"}
{"message":"Connected to DB...","level":"info"}
{"message":"Server listening on port 3000...","level":"info"}
{"message":"Connected to DB...","level":"info"}
{"message":"Server listening on port 3000...","level":"info"}
{"message":"Connected to DB...","level":"info"}
{"message":"Server listening on port 3000...","level":"info"}
{"message":"Connected to DB...","level":"info"}
{"message":"Server listening on port 3000...","level":"info"}
{"message":"Connected to DB...","level":"info"}
{"message":"Server listening on port 3000...","level":"info"}
{"message":"Connected to DB...","level":"info"}
